Build started 5/17/2016 12:53:19 PM.
     1>Project "C:\Users\CeLiA\Desktop\PORTFOLIO\CONSC165-FinalProject\CONSC165-FinalProject\CONSC165-FinalProject.vcxproj" on node 2 (build target(s)).
     1>InitializeBuildStatus:
         Touching "Debug\CONSC165-FinalProject.unsuccessfulbuild".
       ClCompile:
         C:\Program Files (x86)\Microsoft Visual Studio 10.0\VC\bin\CL.exe /c /ZI /nologo /W3 /WX- /Od /Oy- /D WIN32 /D _DEBUG /D _CONSOLE /D _UNICODE /D UNICODE /Gm /EHsc /RTC1 /MDd /GS /fp:precise /Zc:wchar_t /Zc:forScope /Fo"Debug\\" /Fd"Debug\vc100.pdb" /Gd /TP /analyze- /errorReport:prompt UserInterface.cpp
         UserInterface.cpp
       ManifestResourceCompile:
         All outputs are up-to-date.
       Link:
         C:\Program Files (x86)\Microsoft Visual Studio 10.0\VC\bin\link.exe /ERRORREPORT:PROMPT /OUT:"C:\Users\CeLiA\Desktop\PORTFOLIO\CONSC165-FinalProject\Debug\CONSC165-FinalProject.exe" /INCREMENTAL /NOLOGO kernel32.lib user32.lib gdi32.lib winspool.lib comdlg32.lib advapi32.lib shell32.lib ole32.lib oleaut32.lib uuid.lib odbc32.lib odbccp32.lib /MANIFEST /ManifestFile:"Debug\CONSC165-FinalProject.exe.intermediate.manifest" /MANIFESTUAC:"level='asInvoker' uiAccess='false'" /DEBUG /PDB:"C:\Users\CeLiA\Desktop\PORTFOLIO\CONSC165-FinalProject\Debug\CONSC165-FinalProject.pdb" /SUBSYSTEM:CONSOLE /TLBID:1 /DYNAMICBASE /NXCOMPAT /IMPLIB:"C:\Users\CeLiA\Desktop\PORTFOLIO\CONSC165-FinalProject\Debug\CONSC165-FinalProject.lib" /MACHINE:X86 "Debug\CONSC165-FinalProject.exe.embed.manifest.res"
         Debug\UserInterface.obj
       Manifest:
         C:\Program Files (x86)\Microsoft SDKs\Windows\v7.0A\bin\mt.exe /nologo /verbose /out:"Debug\CONSC165-FinalProject.exe.embed.manifest" /manifest "Debug\CONSC165-FinalProject.exe.intermediate.manifest"
         All outputs are up-to-date.
       LinkEmbedManifest:
         All outputs are up-to-date.
         CONSC165-FinalProject.vcxproj -> C:\Users\CeLiA\Desktop\PORTFOLIO\CONSC165-FinalProject\Debug\CONSC165-FinalProject.exe
       FinalizeBuildStatus:
         Deleting file "Debug\CONSC165-FinalProject.unsuccessfulbuild".
         Touching "Debug\CONSC165-FinalProject.lastbuildstate".
     1>Done Building Project "C:\Users\CeLiA\Desktop\PORTFOLIO\CONSC165-FinalProject\CONSC165-FinalProject\CONSC165-FinalProject.vcxproj" (build target(s)).

Build succeeded.

Time Elapsed 00:00:01.00
