Build started 3/9/2016 7:19:36 PM.
     1>Project "C:\Users\CeLiA\Desktop\PORTFOLIO\datatype\datatype\datatype.vcxproj" on node 2 (build target(s)).
     1>InitializeBuildStatus:
         Touching "Debug\datatype.unsuccessfulbuild".
       ClCompile:
         C:\Program Files (x86)\Microsoft Visual Studio 10.0\VC\bin\CL.exe /c /ZI /nologo /W3 /WX- /Od /Oy- /D WIN32 /D _DEBUG /D _CONSOLE /D _UNICODE /D UNICODE /Gm /EHsc /RTC1 /MDd /GS /fp:precise /Zc:wchar_t /Zc:forScope /Fo"Debug\\" /Fd"Debug\vc100.pdb" /Gd /TP /analyze- /errorReport:prompt DataTypes.cpp
         DataTypes.cpp
     1>c:\users\celia\desktop\portfolio\datatype\datatype\datatypes.cpp(60): warning C4305: '=' : truncation from 'double' to 'float'
     1>c:\users\celia\desktop\portfolio\datatype\datatype\datatypes.cpp(61): warning C4305: '+=' : truncation from 'double' to 'float'
     1>c:\users\celia\desktop\portfolio\datatype\datatype\datatypes.cpp(38): warning C4101: 'lli' : unreferenced local variable
     1>c:\users\celia\desktop\portfolio\datatype\datatype\datatypes.cpp(36): warning C4101: 'i' : unreferenced local variable
     1>c:\users\celia\desktop\portfolio\datatype\datatype\datatypes.cpp(35): warning C4101: 'si' : unreferenced local variable
     1>c:\users\celia\desktop\portfolio\datatype\datatype\datatypes.cpp(55): warning C4101: 'd' : unreferenced local variable
     1>c:\users\celia\desktop\portfolio\datatype\datatype\datatypes.cpp(56): warning C4101: 'ldf' : unreferenced local variable
       ManifestResourceCompile:
         All outputs are up-to-date.
       Link:
         C:\Program Files (x86)\Microsoft Visual Studio 10.0\VC\bin\link.exe /ERRORREPORT:PROMPT /OUT:"C:\Users\CeLiA\Desktop\PORTFOLIO\datatype\Debug\datatype.exe" /INCREMENTAL /NOLOGO kernel32.lib user32.lib gdi32.lib winspool.lib comdlg32.lib advapi32.lib shell32.lib ole32.lib oleaut32.lib uuid.lib odbc32.lib odbccp32.lib /MANIFEST /ManifestFile:"Debug\datatype.exe.intermediate.manifest" /MANIFESTUAC:"level='asInvoker' uiAccess='false'" /DEBUG /PDB:"C:\Users\CeLiA\Desktop\PORTFOLIO\datatype\Debug\datatype.pdb" /SUBSYSTEM:CONSOLE /TLBID:1 /DYNAMICBASE /NXCOMPAT /IMPLIB:"C:\Users\CeLiA\Desktop\PORTFOLIO\datatype\Debug\datatype.lib" /MACHINE:X86 Debug\datatype.exe.embed.manifest.res
         Debug\DataTypes.obj
       Manifest:
         C:\Program Files (x86)\Microsoft SDKs\Windows\v7.0A\bin\mt.exe /nologo /verbose /out:"Debug\datatype.exe.embed.manifest" /manifest Debug\datatype.exe.intermediate.manifest
         All outputs are up-to-date.
       LinkEmbedManifest:
         All outputs are up-to-date.
         datatype.vcxproj -> C:\Users\CeLiA\Desktop\PORTFOLIO\datatype\Debug\datatype.exe
       FinalizeBuildStatus:
         Deleting file "Debug\datatype.unsuccessfulbuild".
         Touching "Debug\datatype.lastbuildstate".
     1>Done Building Project "C:\Users\CeLiA\Desktop\PORTFOLIO\datatype\datatype\datatype.vcxproj" (build target(s)).

Build succeeded.

Time Elapsed 00:00:02.02
