Build started 4/8/2016 12:57:00 PM.
     1>Project "C:\Users\CeLiA\Desktop\PORTFOLIO\GooglePractice\GooglePractice\GooglePractice.vcxproj" on node 2 (build target(s)).
     1>InitializeBuildStatus:
         Creating "Debug\GooglePractice.unsuccessfulbuild" because "AlwaysCreate" was specified.
       ClCompile:
         C:\Program Files (x86)\Microsoft Visual Studio 10.0\VC\bin\CL.exe /c /Zi /nologo /W3 /WX- /Od /Oy- /D WIN32 /D _DEBUG /D _CONSOLE /D _UNICODE /D UNICODE /Gm /EHsc /RTC1 /MDd /GS /fp:precise /Zc:wchar_t /Zc:forScope /Fo"Debug\\" /Fd"Debug\vc100.pdb" /Gd /TP /analyze- /errorReport:prompt interviewQuestion.cpp
         interviewQuestion.cpp
     1>interviewQuestion.cpp(22): warning C4018: '<' : signed/unsigned mismatch
     1>interviewQuestion.cpp(24): warning C4018: '<' : signed/unsigned mismatch
         All outputs are up-to-date.
       ManifestResourceCompile:
         All outputs are up-to-date.
       Link:
         C:\Program Files (x86)\Microsoft Visual Studio 10.0\VC\bin\link.exe /ERRORREPORT:PROMPT /OUT:"C:\Users\CeLiA\Desktop\PORTFOLIO\GooglePractice\Debug\GooglePractice.exe" /INCREMENTAL /NOLOGO kernel32.lib user32.lib gdi32.lib winspool.lib comdlg32.lib advapi32.lib shell32.lib ole32.lib oleaut32.lib uuid.lib odbc32.lib odbccp32.lib /MANIFEST /ManifestFile:"Debug\GooglePractice.exe.intermediate.manifest" /MANIFESTUAC:"level='asInvoker' uiAccess='false'" /DEBUG /PDB:"C:\Users\CeLiA\Desktop\PORTFOLIO\GooglePractice\Debug\GooglePractice.pdb" /SUBSYSTEM:CONSOLE /TLBID:1 /DYNAMICBASE /NXCOMPAT /IMPLIB:"C:\Users\CeLiA\Desktop\PORTFOLIO\GooglePractice\Debug\GooglePractice.lib" /MACHINE:X86 Debug\GooglePractice.exe.embed.manifest.res
         Debug\Anagrams.obj
         Debug\ArrayBaseList.obj
         Debug\BinaryTree.obj
         Debug\CompareTwoStringSame.obj
         Debug\EnglishphraseNumber.obj
         Debug\googlepractice.obj
         Debug\HashTables.obj
         Debug\IntBinaryTree1.obj
         Debug\interviewQuestion.obj
         Debug\IntStack.obj
         Debug\LinkedList.obj
         Debug\LinkedLists.obj
         Debug\Matrix.obj
         Debug\RemoveDuplicateCharacters.obj
         Debug\ReplaceAllSpaces.obj
         Debug\SlackQueues.obj
         Debug\StringCompression.obj
         Debug\StringWithUniqueCharacters.obj
         Debug\SwapNumberWithoutVariables.obj
         Debug\Tree.obj
       Manifest:
         C:\Program Files (x86)\Microsoft SDKs\Windows\v7.0A\bin\mt.exe /nologo /verbose /out:"Debug\GooglePractice.exe.embed.manifest" /manifest Debug\GooglePractice.exe.intermediate.manifest
         All outputs are up-to-date.
       LinkEmbedManifest:
         All outputs are up-to-date.
         GooglePractice.vcxproj -> C:\Users\CeLiA\Desktop\PORTFOLIO\GooglePractice\Debug\GooglePractice.exe
       FinalizeBuildStatus:
         Deleting file "Debug\GooglePractice.unsuccessfulbuild".
         Touching "Debug\GooglePractice.lastbuildstate".
     1>Done Building Project "C:\Users\CeLiA\Desktop\PORTFOLIO\GooglePractice\GooglePractice\GooglePractice.vcxproj" (build target(s)).

Build succeeded.

Time Elapsed 00:00:01.49
