Build started 5/8/2016 10:45:11 PM.
     1>Project "C:\Users\CeLiA\Desktop\PORTFOLIO\Comsc165Labpractice\Comsc165Labpractice\Comsc165Labpractice.vcxproj" on node 2 (build target(s)).
     1>InitializeBuildStatus:
         Creating "Debug\Comsc165Labpractice.unsuccessfulbuild" because "AlwaysCreate" was specified.
       ClCompile:
         C:\Program Files (x86)\Microsoft Visual Studio 10.0\VC\bin\CL.exe /c /ZI /nologo /W3 /WX- /Od /Oy- /D WIN32 /D _DEBUG /D _CONSOLE /D _UNICODE /D UNICODE /Gm /EHsc /RTC1 /MDd /GS /fp:precise /Zc:wchar_t /Zc:forScope /Fo"Debug\\" /Fd"Debug\vc100.pdb" /Gd /TP /analyze- /errorReport:prompt Supermarketsimulation.cpp
         Supermarketsimulation.cpp
     1>c:\users\celia\desktop\portfolio\comsc165labpractice\comsc165labpractice\supermarketsimulation.cpp(51): warning C4244: 'argument' : conversion from 'time_t' to 'unsigned int', possible loss of data
       ManifestResourceCompile:
         All outputs are up-to-date.
       Link:
         C:\Program Files (x86)\Microsoft Visual Studio 10.0\VC\bin\link.exe /ERRORREPORT:PROMPT /OUT:"C:\Users\CeLiA\Desktop\PORTFOLIO\Comsc165Labpractice\Debug\Comsc165Labpractice.exe" /INCREMENTAL /NOLOGO kernel32.lib user32.lib gdi32.lib winspool.lib comdlg32.lib advapi32.lib shell32.lib ole32.lib oleaut32.lib uuid.lib odbc32.lib odbccp32.lib /MANIFEST /ManifestFile:"Debug\Comsc165Labpractice.exe.intermediate.manifest" /MANIFESTUAC:"level='asInvoker' uiAccess='false'" /DEBUG /PDB:"C:\Users\CeLiA\Desktop\PORTFOLIO\Comsc165Labpractice\Debug\Comsc165Labpractice.pdb" /SUBSYSTEM:CONSOLE /TLBID:1 /DYNAMICBASE /NXCOMPAT /IMPLIB:"C:\Users\CeLiA\Desktop\PORTFOLIO\Comsc165Labpractice\Debug\Comsc165Labpractice.lib" /MACHINE:X86 Debug\Comsc165Labpractice.exe.embed.manifest.res
         Debug\Customer.obj
         Debug\mainstack.obj
         Debug\source.obj
         Debug\Supermarketsimulation.obj
         Debug\TemplateClassStack.obj
       Manifest:
         C:\Program Files (x86)\Microsoft SDKs\Windows\v7.0A\bin\mt.exe /nologo /verbose /out:"Debug\Comsc165Labpractice.exe.embed.manifest" /manifest Debug\Comsc165Labpractice.exe.intermediate.manifest
         All outputs are up-to-date.
       LinkEmbedManifest:
         All outputs are up-to-date.
         Comsc165Labpractice.vcxproj -> C:\Users\CeLiA\Desktop\PORTFOLIO\Comsc165Labpractice\Debug\Comsc165Labpractice.exe
       FinalizeBuildStatus:
         Deleting file "Debug\Comsc165Labpractice.unsuccessfulbuild".
         Touching "Debug\Comsc165Labpractice.lastbuildstate".
     1>Done Building Project "C:\Users\CeLiA\Desktop\PORTFOLIO\Comsc165Labpractice\Comsc165Labpractice\Comsc165Labpractice.vcxproj" (build target(s)).

Build succeeded.

Time Elapsed 00:00:01.11
